1511407003462	geckodriver	INFO	Listening on 127.0.0.1:33113
1511407005486	geckodriver::marionette	INFO	Starting browser /usr/lib/firefox/firefox.sh with args ["-marionette"]
1511407009466	Marionette	INFO	Enabled via --marionette
1511407019891	Marionette	INFO	Listening on port 34841
1511407019944	Marionette	WARN	TLS certificate errors will be ignored for this session
1511407020003	Marionette	DEBUG	Register listener.js for window 2147483649
*** UTM:SVC TimerManager:registerTimer called after profile-before-change notification. Ignoring timer registration for id: telemetry_modules_ping
1511425634544	geckodriver	INFO	Listening on 127.0.0.1:52675
1511425634814	geckodriver::marionette	INFO	Starting browser /usr/lib/firefox/firefox.sh with args ["-marionette"]
1511425636547	Marionette	INFO	Enabled via --marionette
1511425646419	Marionette	INFO	Listening on port 38681
1511425646889	Marionette	WARN	TLS certificate errors will be ignored for this session
1511425646941	Marionette	DEBUG	Register listener.js for window 2147483649
1511425646986	Marionette	DEBUG	Received DOM event "beforeunload" for "about:blank"
1511425648498	Marionette	DEBUG	Received DOM event "pagehide" for "about:blank"
1511425648498	Marionette	DEBUG	Received DOM event "unload" for "about:blank"
1511425649389	Marionette	DEBUG	Received DOM event "DOMContentLoaded" for "http://localhost:8000/"
1511425649618	Marionette	DEBUG	Received observer notification "outer-window-destroyed" for "2147483653"
1511425650172	Marionette	DEBUG	Received DOM event "pageshow" for "http://localhost:8000/"
[Child 30830, Chrome_ChildThread] WARNING: pipe error (35): Connection reset by peer: file /build/firefox-HLWaua/firefox-57.0+build4/ipc/chromium/src/chrome/common/ipc_channel_posix.cc, line 353
[Child 30830, Chrome_ChildThread] WARNING: pipe error (21): Connection reset by peer: file /build/firefox-HLWaua/firefox-57.0+build4/ipc/chromium/src/chrome/common/ipc_channel_posix.cc, line 353
[Child 30830, Chrome_ChildThread] WARNING: pipe error (3): Connection reset by peer: file /build/firefox-HLWaua/firefox-57.0+build4/ipc/chromium/src/chrome/common/ipc_channel_posix.cc, line 353
1511425674723	geckodriver	INFO	Listening on 127.0.0.1:47517
1511425675829	geckodriver::marionette	INFO	Starting browser /usr/lib/firefox/firefox.sh with args ["-marionette"]
1511425676963	Marionette	INFO	Enabled via --marionette
1511425680965	Marionette	INFO	Listening on port 45273
1511425681054	Marionette	WARN	TLS certificate errors will be ignored for this session
1511425681112	Marionette	DEBUG	Register listener.js for window 2147483649
1511425681141	Marionette	DEBUG	Received DOM event "beforeunload" for "about:blank"
1511425681154	Marionette	DEBUG	Received DOM event "pagehide" for "about:blank"
1511425681154	Marionette	DEBUG	Received DOM event "unload" for "about:blank"
1511425681688	Marionette	DEBUG	Received DOM event "DOMContentLoaded" for "http://localhost:8000/"
1511425681853	Marionette	DEBUG	Received observer notification "outer-window-destroyed" for "2147483653"
1511425682102	Marionette	DEBUG	Received DOM event "pageshow" for "http://localhost:8000/"
[Child 31038, Chrome_ChildThread] WARNING: pipe error (35): Connection reset by peer: file /build/firefox-HLWaua/firefox-57.0+build4/ipc/chromium/src/chrome/common/ipc_channel_posix.cc, line 353
[Child 31038, Chrome_ChildThread] WARNING: pipe error (21): Connection reset by peer: file /build/firefox-HLWaua/firefox-57.0+build4/ipc/chromium/src/chrome/common/ipc_channel_posix.cc, line 353
[Child 31038, Chrome_ChildThread] WARNING: pipe error (3): Connection reset by peer: file /build/firefox-HLWaua/firefox-57.0+build4/ipc/chromium/src/chrome/common/ipc_channel_posix.cc, line 353
1511425778376	geckodriver	INFO	Listening on 127.0.0.1:44965
1511425779587	geckodriver::marionette	INFO	Starting browser /usr/lib/firefox/firefox.sh with args ["-marionette"]
1511425780302	Marionette	INFO	Enabled via --marionette
1511425784088	Marionette	INFO	Listening on port 39743
1511425784597	Marionette	WARN	TLS certificate errors will be ignored for this session
1511425784668	Marionette	DEBUG	Register listener.js for window 2147483649
1511425784712	Marionette	DEBUG	Received DOM event "beforeunload" for "about:blank"
1511425784926	Marionette	DEBUG	Received DOM event "pagehide" for "about:blank"
1511425784938	Marionette	DEBUG	Received DOM event "unload" for "about:blank"
1511425784980	Marionette	DEBUG	Received DOM event "DOMContentLoaded" for "http://localhost:8000/"
1511425785107	Marionette	DEBUG	Received DOM event "pageshow" for "http://localhost:8000/"
1511425785156	addons.xpi	WARN	Exception running bootstrap method shutdown on activity-stream@mozilla.org: [Exception... "Component returned failure code: 0x80004005 (NS_ERROR_FAILURE) [nsIObserverService.removeObserver]"  nsresult: "0x80004005 (NS_ERROR_FAILURE)"  location: "JS frame :: resource://activity-stream/lib/SnippetsFeed.jsm :: uninit :: line 123"  data: no] Stack trace: uninit()@resource://activity-stream/lib/SnippetsFeed.jsm:123 < onAction()@resource://activity-stream/lib/SnippetsFeed.jsm:138 < _middleware/</<()@resource://activity-stream/lib/Store.jsm:52 < Store/this[method]()@resource://activity-stream/lib/Store.jsm:31 < uninit()@resource://activity-stream/lib/Store.jsm:151 < uninit()@resource://activity-stream/lib/ActivityStream.jsm:266 < uninit()@resource://gre/modules/addons/XPIProvider.jsm -> jar:file:///usr/lib/firefox/browser/features/activity-stream@mozilla.org.xpi!/bootstrap.js:80 < shutdown()@resource://gre/modules/addons/XPIProvider.jsm -> jar:file:///usr/lib/firefox/browser/features/activity-stream@mozilla.org.xpi!/bootstrap.js:196 < callBootstrapMethod()@resource://gre/modules/addons/XPIProvider.jsm:4509 < observe()@resource://gre/modules/addons/XPIProvider.jsm:2281 < GeckoDriver.prototype.quit()@driver.js:3307 < despatch()@server.js:553 < execute()@server.js:527 < onPacket/<()@server.js:502 < onPacket()@server.js:501 < _onJSONObjectReady/<()@transport.js:501
[Child 31285, Chrome_ChildThread] WARNING: pipe error (3): Connection reset by peer: file /build/firefox-HLWaua/firefox-57.0+build4/ipc/chromium/src/chrome/common/ipc_channel_posix.cc, line 353

###!!! [Child][MessageChannel] Error: (msgtype=0x2400C1,name=PContent::Msg_GraphicsError) Channel error: cannot send/recv

[GFX1-]: Receive IPC close with reason=AbnormalShutdown
1511428913680	geckodriver	INFO	Listening on 127.0.0.1:49167
1511428914792	geckodriver::marionette	INFO	Starting browser /usr/lib/firefox/firefox.sh with args ["-marionette"]
1511428915472	Marionette	INFO	Enabled via --marionette
1511428920101	Marionette	INFO	Listening on port 38745
1511428920122	Marionette	WARN	TLS certificate errors will be ignored for this session
1511428920180	Marionette	DEBUG	Register listener.js for window 2147483649
1511428920536	Marionette	DEBUG	Received DOM event "beforeunload" for "about:blank"
1511428920576	Marionette	DEBUG	Received DOM event "pagehide" for "about:blank"
1511428920577	Marionette	DEBUG	Received DOM event "unload" for "about:blank"
1511428920583	Marionette	DEBUG	Received DOM event "DOMContentLoaded" for "http://localhost:8000/"
1511428920587	Marionette	DEBUG	Received DOM event "pageshow" for "http://localhost:8000/"
1511428920654	addons.xpi	WARN	Exception running bootstrap method shutdown on activity-stream@mozilla.org: [Exception... "Component returned failure code: 0x80004005 (NS_ERROR_FAILURE) [nsIObserverService.removeObserver]"  nsresult: "0x80004005 (NS_ERROR_FAILURE)"  location: "JS frame :: resource://activity-stream/lib/SnippetsFeed.jsm :: uninit :: line 123"  data: no] Stack trace: uninit()@resource://activity-stream/lib/SnippetsFeed.jsm:123 < onAction()@resource://activity-stream/lib/SnippetsFeed.jsm:138 < _middleware/</<()@resource://activity-stream/lib/Store.jsm:52 < Store/this[method]()@resource://activity-stream/lib/Store.jsm:31 < uninit()@resource://activity-stream/lib/Store.jsm:151 < uninit()@resource://activity-stream/lib/ActivityStream.jsm:266 < uninit()@resource://gre/modules/addons/XPIProvider.jsm -> jar:file:///usr/lib/firefox/browser/features/activity-stream@mozilla.org.xpi!/bootstrap.js:80 < shutdown()@resource://gre/modules/addons/XPIProvider.jsm -> jar:file:///usr/lib/firefox/browser/features/activity-stream@mozilla.org.xpi!/bootstrap.js:196 < callBootstrapMethod()@resource://gre/modules/addons/XPIProvider.jsm:4509 < observe()@resource://gre/modules/addons/XPIProvider.jsm:2281 < GeckoDriver.prototype.quit()@driver.js:3307 < despatch()@server.js:553 < execute()@server.js:527 < onPacket/<()@server.js:502 < onPacket()@server.js:501 < _onJSONObjectReady/<()@transport.js:501
[Child 1109, Chrome_ChildThread] WARNING: pipe error (19): Connection reset by peer: file /build/firefox-HLWaua/firefox-57.0+build4/ipc/chromium/src/chrome/common/ipc_channel_posix.cc, line 353
[Child 1109, Chrome_ChildThread] WARNING: pipe error (3): Connection reset by peer: file /build/firefox-HLWaua/firefox-57.0+build4/ipc/chromium/src/chrome/common/ipc_channel_posix.cc, line 353
